Start Logger for Train Simulation

----------
Configuration:

Ticks: 20
Seed: 12345
Route: Linear with length 15
Stations: [3, 7, 11, 14]
Trains:
	Inbound at location 2 with capacity 25
	Outbound at location 5 with capacity 25
	Inbound at location 8 with capacity 25
	Inbound at location 11 with capacity 25
	Outbound at location 14 with capacity 25
Passengers: [30..50, 5..10]
----------


==================================================================


==================================================================

 Generating 42 passengers before the simulation starts:


  [Passenger Spawn] Passenger 1 has arrived at Station 3
  [Passenger Spawn] Passenger 2 has arrived at Station 4
  [Passenger Spawn] Passenger 3 has arrived at Station 1
  [Passenger Spawn] Passenger 4 has arrived at Station 1
  [Passenger Spawn] Passenger 5 has arrived at Station 1
  [Passenger Spawn] Passenger 6 has arrived at Station 4
  [Passenger Spawn] Passenger 7 has arrived at Station 4
  [Passenger Spawn] Passenger 8 has arrived at Station 1
  [Passenger Spawn] Passenger 9 has arrived at Station 4
  [Passenger Spawn] Passenger 10 has arrived at Station 2
  [Passenger Spawn] Passenger 11 has arrived at Station 1
  [Passenger Spawn] Passenger 12 has arrived at Station 3
  [Passenger Spawn] Passenger 13 has arrived at Station 2
  [Passenger Spawn] Passenger 14 has arrived at Station 3
  [Passenger Spawn] Passenger 15 has arrived at Station 2
  [Passenger Spawn] Passenger 16 has arrived at Station 3
  [Passenger Spawn] Passenger 17 has arrived at Station 2
  [Passenger Spawn] Passenger 18 has arrived at Station 4
  [Passenger Spawn] Passenger 19 has arrived at Station 4
  [Passenger Spawn] Passenger 20 has arrived at Station 2
  [Passenger Spawn] Passenger 21 has arrived at Station 4
  [Passenger Spawn] Passenger 22 has arrived at Station 1
  [Passenger Spawn] Passenger 23 has arrived at Station 3
  [Passenger Spawn] Passenger 24 has arrived at Station 4
  [Passenger Spawn] Passenger 25 has arrived at Station 3
  [Passenger Spawn] Passenger 26 has arrived at Station 1
  [Passenger Spawn] Passenger 27 has arrived at Station 2
  [Passenger Spawn] Passenger 28 has arrived at Station 2
  [Passenger Spawn] Passenger 29 has arrived at Station 1
  [Passenger Spawn] Passenger 30 has arrived at Station 1
  [Passenger Spawn] Passenger 31 has arrived at Station 3
  [Passenger Spawn] Passenger 32 has arrived at Station 3
  [Passenger Spawn] Passenger 33 has arrived at Station 1
  [Passenger Spawn] Passenger 34 has arrived at Station 1
  [Passenger Spawn] Passenger 35 has arrived at Station 1
  [Passenger Spawn] Passenger 36 has arrived at Station 1
  [Passenger Spawn] Passenger 37 has arrived at Station 4
  [Passenger Spawn] Passenger 38 has arrived at Station 2
  [Passenger Spawn] Passenger 39 has arrived at Station 2
  [Passenger Spawn] Passenger 40 has arrived at Station 4
  [Passenger Spawn] Passenger 41 has arrived at Station 1
  [Passenger Spawn] Passenger 42 has arrived at Station 3


==============================================================
                   SIMULATION START                           
==============================================================


[Tick 1]: Generating 10 passengers (per-tick):


  [Passenger Spawn] Passenger 43 has arrived at Station 3
  [Passenger Spawn] Passenger 44 has arrived at Station 4
  [Passenger Spawn] Passenger 45 has arrived at Station 2
  [Passenger Spawn] Passenger 46 has arrived at Station 1
  [Passenger Spawn] Passenger 47 has arrived at Station 3
  [Passenger Spawn] Passenger 48 has arrived at Station 3
  [Passenger Spawn] Passenger 49 has arrived at Station 3
  [Passenger Spawn] Passenger 50 has arrived at Station 3
  [Passenger Spawn] Passenger 51 has arrived at Station 1
  [Passenger Spawn] Passenger 52 has arrived at Station 1

  -----Board and Disembark Updates (if any)-----

  [Train Update] Train 4 has arrived at Station 3
  [Passenger Update] Passenger 14 has boarded Train 4
  [Passenger Update] Passenger 23 has boarded Train 4
  [Passenger Update] Passenger 25 has boarded Train 4
  [Passenger Update] Passenger 31 has boarded Train 4
  [Passenger Update] Passenger 32 has boarded Train 4
  [Passenger Update] Passenger 42 has boarded Train 4
  [Passenger Update] Passenger 43 has boarded Train 4
  [Passenger Update] Passenger 49 has boarded Train 4
  [Passenger Update] Passenger 50 has boarded Train 4
  [Train Update] Train 5 has arrived at Station 4

  -----Current Train Positions-----

  [Trains at Tick 1]

   Train 1 at position 1
   Train 2 at position 6
   Train 3 at position 7
   Train 4 at position 10
   Train 5 at position 15

  All trains move one position!

[End Tick]
______________________________________________________________________


[Tick 2]: Generating 7 passengers (per-tick):


  [Passenger Spawn] Passenger 53 has arrived at Station 4
  [Passenger Spawn] Passenger 54 has arrived at Station 2
  [Passenger Spawn] Passenger 55 has arrived at Station 1
  [Passenger Spawn] Passenger 56 has arrived at Station 1
  [Passenger Spawn] Passenger 57 has arrived at Station 4
  [Passenger Spawn] Passenger 58 has arrived at Station 3
  [Passenger Spawn] Passenger 59 has arrived at Station 3

  -----Board and Disembark Updates (if any)-----

  [Train Update] Train 3 has arrived at Station 2
  [Passenger Update] Passenger 20 has boarded Train 3
  [Passenger Update] Passenger 38 has boarded Train 3
  [Passenger Update] Passenger 39 has boarded Train 3
  [Passenger Update] Passenger 54 has boarded Train 3

  -----Current Train Positions-----

  [Trains at Tick 2]

   Train 1 at position 1
   Train 2 at position 7
   Train 3 at position 6
   Train 4 at position 9
   Train 5 at position 15

  All trains move one position!

[End Tick]
______________________________________________________________________


[Tick 3]: Generating 6 passengers (per-tick):


  [Passenger Spawn] Passenger 60 has arrived at Station 3
  [Passenger Spawn] Passenger 61 has arrived at Station 2
  [Passenger Spawn] Passenger 62 has arrived at Station 1
  [Passenger Spawn] Passenger 63 has arrived at Station 3
  [Passenger Spawn] Passenger 64 has arrived at Station 3
  [Passenger Spawn] Passenger 65 has arrived at Station 3

  -----Board and Disembark Updates (if any)-----

  [Train Update] Train 2 has arrived at Station 2
  [Passenger Update] Passenger 10 has boarded Train 2
  [Passenger Update] Passenger 15 has boarded Train 2
  [Passenger Update] Passenger 27 has boarded Train 2
  [Passenger Update] Passenger 45 has boarded Train 2

  -----Current Train Positions-----

  [Trains at Tick 3]

   Train 1 at position 2
   Train 2 at position 8
   Train 3 at position 5
   Train 4 at position 8
   Train 5 at position 14

  All trains move one position!

[End Tick]
______________________________________________________________________


[Tick 4]: Generating 9 passengers (per-tick):


  [Passenger Spawn] Passenger 66 has arrived at Station 2
  [Passenger Spawn] Passenger 67 has arrived at Station 2
  [Passenger Spawn] Passenger 68 has arrived at Station 4
  [Passenger Spawn] Passenger 69 has arrived at Station 4
  [Passenger Spawn] Passenger 70 has arrived at Station 2
  [Passenger Spawn] Passenger 71 has arrived at Station 1
  [Passenger Spawn] Passenger 72 has arrived at Station 3
  [Passenger Spawn] Passenger 73 has arrived at Station 3
  [Passenger Spawn] Passenger 74 has arrived at Station 4

  -----Board and Disembark Updates (if any)-----

  [Train Update] Train 5 has arrived at Station 4
  [Passenger Update] Passenger 6 has boarded Train 5
  [Passenger Update] Passenger 7 has boarded Train 5
  [Passenger Update] Passenger 18 has boarded Train 5
  [Passenger Update] Passenger 19 has boarded Train 5
  [Passenger Update] Passenger 24 has boarded Train 5
  [Passenger Update] Passenger 40 has boarded Train 5
  [Passenger Update] Passenger 53 has boarded Train 5
  [Passenger Update] Passenger 57 has boarded Train 5
  [Passenger Update] Passenger 69 has boarded Train 5
  [Passenger Update] Passenger 74 has boarded Train 5

  -----Current Train Positions-----

  [Trains at Tick 4]

   Train 1 at position 3
   Train 2 at position 9
   Train 3 at position 4
   Train 4 at position 7
   Train 5 at position 13

  All trains move one position!

[End Tick]
______________________________________________________________________


[Tick 5]: Generating 8 passengers (per-tick):


  [Passenger Spawn] Passenger 75 has arrived at Station 3
  [Passenger Spawn] Passenger 76 has arrived at Station 2
  [Passenger Spawn] Passenger 77 has arrived at Station 2
  [Passenger Spawn] Passenger 78 has arrived at Station 2
  [Passenger Spawn] Passenger 79 has arrived at Station 1
  [Passenger Spawn] Passenger 80 has arrived at Station 2
  [Passenger Spawn] Passenger 81 has arrived at Station 1
  [Passenger Spawn] Passenger 82 has arrived at Station 4

  -----Board and Disembark Updates (if any)-----

  [Train Update] Train 1 has arrived at Station 1
  [Passenger Update] Passenger 3 has boarded Train 1
  [Passenger Update] Passenger 5 has boarded Train 1
  [Passenger Update] Passenger 33 has boarded Train 1
  [Passenger Update] Passenger 34 has boarded Train 1
  [Passenger Update] Passenger 35 has boarded Train 1
  [Passenger Update] Passenger 36 has boarded Train 1
  [Passenger Update] Passenger 41 has boarded Train 1
  [Passenger Update] Passenger 46 has boarded Train 1
  [Passenger Update] Passenger 51 has boarded Train 1
  [Passenger Update] Passenger 52 has boarded Train 1
  [Passenger Update] Passenger 55 has boarded Train 1
  [Passenger Update] Passenger 56 has boarded Train 1
  [Passenger Update] Passenger 62 has boarded Train 1
  [Passenger Update] Passenger 71 has boarded Train 1
  [Passenger Update] Passenger 79 has boarded Train 1
  [Passenger Update] Passenger 81 has boarded Train 1
  [Train Update] Train 4 has arrived at Station 2
  [Passenger Exit] Passenger 14  	: from position 11 on TrainRoute 1 to position 7 on TrainRoute 1,; start @ 0, board @ 1, end @ 5

  [Passenger Exit] Passenger 23  	: from position 11 on TrainRoute 1 to position 7 on TrainRoute 1,; start @ 0, board @ 1, end @ 5

  [Passenger Exit] Passenger 42  	: from position 11 on TrainRoute 1 to position 7 on TrainRoute 1,; start @ 0, board @ 1, end @ 5

  [Passenger Update] 3 Passenger(s) just left Station 2

  -----Current Train Positions-----

  [Trains at Tick 5]

   Train 1 at position 4
   Train 2 at position 10
   Train 3 at position 3
   Train 4 at position 6
   Train 5 at position 12

  All trains move one position!

[End Tick]
______________________________________________________________________


[Tick 6]: Generating 9 passengers (per-tick):


  [Passenger Spawn] Passenger 83 has arrived at Station 1
  [Passenger Spawn] Passenger 84 has arrived at Station 4
  [Passenger Spawn] Passenger 85 has arrived at Station 1
  [Passenger Spawn] Passenger 86 has arrived at Station 3
  [Passenger Spawn] Passenger 87 has arrived at Station 1
  [Passenger Spawn] Passenger 88 has arrived at Station 4
  [Passenger Spawn] Passenger 89 has arrived at Station 1
  [Passenger Spawn] Passenger 90 has arrived at Station 2
  [Passenger Spawn] Passenger 91 has arrived at Station 2

  -----Board and Disembark Updates (if any)-----

  [Train Update] Train 3 has arrived at Station 1
  [Passenger Exit] Passenger 20  	: from position 7 on TrainRoute 1 to position 3 on TrainRoute 1,; start @ 0, board @ 2, end @ 6

  [Passenger Exit] Passenger 38  	: from position 7 on TrainRoute 1 to position 3 on TrainRoute 1,; start @ 0, board @ 2, end @ 6

  [Passenger Exit] Passenger 39  	: from position 7 on TrainRoute 1 to position 3 on TrainRoute 1,; start @ 0, board @ 2, end @ 6

  [Passenger Exit] Passenger 54  	: from position 7 on TrainRoute 1 to position 3 on TrainRoute 1,; start @ 2, board @ 2, end @ 6

  [Passenger Update] 4 Passenger(s) just left Station 1

  -----Current Train Positions-----

  [Trains at Tick 6]

   Train 1 at position 5
   Train 2 at position 11
   Train 3 at position 2
   Train 4 at position 5
   Train 5 at position 11

  All trains move one position!

[End Tick]
______________________________________________________________________


[Tick 7]: Generating 9 passengers (per-tick):


  [Passenger Spawn] Passenger 92 has arrived at Station 4
  [Passenger Spawn] Passenger 93 has arrived at Station 2
  [Passenger Spawn] Passenger 94 has arrived at Station 2
  [Passenger Spawn] Passenger 95 has arrived at Station 2
  [Passenger Spawn] Passenger 96 has arrived at Station 4
  [Passenger Spawn] Passenger 97 has arrived at Station 3
  [Passenger Spawn] Passenger 98 has arrived at Station 1
  [Passenger Spawn] Passenger 99 has arrived at Station 3
  [Passenger Spawn] Passenger 100 has arrived at Station 3

  -----Board and Disembark Updates (if any)-----

  [Train Update] Train 2 has arrived at Station 3
  [Passenger Exit] Passenger 15  	: from position 7 on TrainRoute 1 to position 11 on TrainRoute 1,; start @ 0, board @ 3, end @ 7

  [Passenger Update] 1 Passenger(s) just left Station 3
  [Passenger Update] Passenger 1 has boarded Train 2
  [Passenger Update] Passenger 12 has boarded Train 2
  [Passenger Update] Passenger 16 has boarded Train 2
  [Passenger Update] Passenger 48 has boarded Train 2
  [Passenger Update] Passenger 73 has boarded Train 2
  [Passenger Update] Passenger 99 has boarded Train 2
  [Passenger Update] Passenger 100 has boarded Train 2
  [Train Update] Train 5 has arrived at Station 3
  [Passenger Exit] Passenger 7   	: from position 14 on TrainRoute 1 to position 11 on TrainRoute 1,; start @ 0, board @ 4, end @ 7

  [Passenger Exit] Passenger 19  	: from position 14 on TrainRoute 1 to position 11 on TrainRoute 1,; start @ 0, board @ 4, end @ 7

  [Passenger Exit] Passenger 24  	: from position 14 on TrainRoute 1 to position 11 on TrainRoute 1,; start @ 0, board @ 4, end @ 7

  [Passenger Exit] Passenger 40  	: from position 14 on TrainRoute 1 to position 11 on TrainRoute 1,; start @ 0, board @ 4, end @ 7

  [Passenger Exit] Passenger 57  	: from position 14 on TrainRoute 1 to position 11 on TrainRoute 1,; start @ 2, board @ 4, end @ 7

  [Passenger Exit] Passenger 69  	: from position 14 on TrainRoute 1 to position 11 on TrainRoute 1,; start @ 4, board @ 4, end @ 7

  [Passenger Exit] Passenger 74  	: from position 14 on TrainRoute 1 to position 11 on TrainRoute 1,; start @ 4, board @ 4, end @ 7

  [Passenger Update] 7 Passenger(s) just left Station 3
  [Passenger Update] Passenger 59 has boarded Train 5
  [Passenger Update] Passenger 64 has boarded Train 5
  [Passenger Update] Passenger 65 has boarded Train 5
  [Passenger Update] Passenger 86 has boarded Train 5

  -----Current Train Positions-----

  [Trains at Tick 7]

   Train 1 at position 6
   Train 2 at position 12
   Train 3 at position 1
   Train 4 at position 4
   Train 5 at position 10

  All trains move one position!

[End Tick]
______________________________________________________________________


[Tick 8]: Generating 6 passengers (per-tick):


  [Passenger Spawn] Passenger 101 has arrived at Station 4
  [Passenger Spawn] Passenger 102 has arrived at Station 3
  [Passenger Spawn] Passenger 103 has arrived at Station 2
  [Passenger Spawn] Passenger 104 has arrived at Station 4
  [Passenger Spawn] Passenger 105 has arrived at Station 2
  [Passenger Spawn] Passenger 106 has arrived at Station 3

  -----Board and Disembark Updates (if any)-----


  -----Current Train Positions-----

  [Trains at Tick 8]

   Train 1 at position 7
   Train 2 at position 13
   Train 3 at position 1
   Train 4 at position 3
   Train 5 at position 9

  All trains move one position!

[End Tick]
______________________________________________________________________


[Tick 9]: Generating 10 passengers (per-tick):


  [Passenger Spawn] Passenger 107 has arrived at Station 2
  [Passenger Spawn] Passenger 108 has arrived at Station 2
  [Passenger Spawn] Passenger 109 has arrived at Station 4
  [Passenger Spawn] Passenger 110 has arrived at Station 3
  [Passenger Spawn] Passenger 111 has arrived at Station 1
  [Passenger Spawn] Passenger 112 has arrived at Station 1
  [Passenger Spawn] Passenger 113 has arrived at Station 1
  [Passenger Spawn] Passenger 114 has arrived at Station 3
  [Passenger Spawn] Passenger 115 has arrived at Station 1
  [Passenger Spawn] Passenger 116 has arrived at Station 4

  -----Board and Disembark Updates (if any)-----

  [Train Update] Train 1 has arrived at Station 2
  [Passenger Exit] Passenger 3   	: from position 3 on TrainRoute 1 to position 7 on TrainRoute 1,; start @ 0, board @ 5, end @ 9

  [Passenger Exit] Passenger 5   	: from position 3 on TrainRoute 1 to position 7 on TrainRoute 1,; start @ 0, board @ 5, end @ 9

  [Passenger Exit] Passenger 34  	: from position 3 on TrainRoute 1 to position 7 on TrainRoute 1,; start @ 0, board @ 5, end @ 9

  [Passenger Exit] Passenger 35  	: from position 3 on TrainRoute 1 to position 7 on TrainRoute 1,; start @ 0, board @ 5, end @ 9

  [Passenger Exit] Passenger 55  	: from position 3 on TrainRoute 1 to position 7 on TrainRoute 1,; start @ 2, board @ 5, end @ 9

  [Passenger Exit] Passenger 56  	: from position 3 on TrainRoute 1 to position 7 on TrainRoute 1,; start @ 2, board @ 5, end @ 9

  [Passenger Update] 6 Passenger(s) just left Station 2
  [Passenger Update] Passenger 66 has boarded Train 1
  [Passenger Update] Passenger 67 has boarded Train 1
  [Passenger Update] Passenger 76 has boarded Train 1
  [Passenger Update] Passenger 78 has boarded Train 1
  [Passenger Update] Passenger 80 has boarded Train 1
  [Passenger Update] Passenger 95 has boarded Train 1
  [Passenger Update] Passenger 103 has boarded Train 1
  [Train Update] Train 4 has arrived at Station 1
  [Passenger Exit] Passenger 25  	: from position 11 on TrainRoute 1 to position 3 on TrainRoute 1,; start @ 0, board @ 1, end @ 9

  [Passenger Exit] Passenger 31  	: from position 11 on TrainRoute 1 to position 3 on TrainRoute 1,; start @ 0, board @ 1, end @ 9

  [Passenger Exit] Passenger 32  	: from position 11 on TrainRoute 1 to position 3 on TrainRoute 1,; start @ 0, board @ 1, end @ 9

  [Passenger Exit] Passenger 43  	: from position 11 on TrainRoute 1 to position 3 on TrainRoute 1,; start @ 1, board @ 1, end @ 9

  [Passenger Exit] Passenger 49  	: from position 11 on TrainRoute 1 to position 3 on TrainRoute 1,; start @ 1, board @ 1, end @ 9

  [Passenger Exit] Passenger 50  	: from position 11 on TrainRoute 1 to position 3 on TrainRoute 1,; start @ 1, board @ 1, end @ 9

  [Passenger Update] 6 Passenger(s) just left Station 1

  -----Current Train Positions-----

  [Trains at Tick 9]

   Train 1 at position 8
   Train 2 at position 14
   Train 3 at position 2
   Train 4 at position 2
   Train 5 at position 8

  All trains move one position!

[End Tick]
______________________________________________________________________


[Tick 10]: Generating 10 passengers (per-tick):


  [Passenger Spawn] Passenger 117 has arrived at Station 2
  [Passenger Spawn] Passenger 118 has arrived at Station 4
  [Passenger Spawn] Passenger 119 has arrived at Station 2
  [Passenger Spawn] Passenger 120 has arrived at Station 1
  [Passenger Spawn] Passenger 121 has arrived at Station 2
  [Passenger Spawn] Passenger 122 has arrived at Station 2
  [Passenger Spawn] Passenger 123 has arrived at Station 1
  [Passenger Spawn] Passenger 124 has arrived at Station 1
  [Passenger Spawn] Passenger 125 has arrived at Station 2
  [Passenger Spawn] Passenger 126 has arrived at Station 4

  -----Board and Disembark Updates (if any)-----

  [Train Update] Train 2 has arrived at Station 4
  [Passenger Exit] Passenger 10  	: from position 7 on TrainRoute 1 to position 14 on TrainRoute 1,; start @ 0, board @ 3, end @ 10

  [Passenger Exit] Passenger 27  	: from position 7 on TrainRoute 1 to position 14 on TrainRoute 1,; start @ 0, board @ 3, end @ 10

  [Passenger Exit] Passenger 45  	: from position 7 on TrainRoute 1 to position 14 on TrainRoute 1,; start @ 1, board @ 3, end @ 10

  [Passenger Exit] Passenger 1   	: from position 11 on TrainRoute 1 to position 14 on TrainRoute 1,; start @ 0, board @ 7, end @ 10

  [Passenger Exit] Passenger 12  	: from position 11 on TrainRoute 1 to position 14 on TrainRoute 1,; start @ 0, board @ 7, end @ 10

  [Passenger Exit] Passenger 16  	: from position 11 on TrainRoute 1 to position 14 on TrainRoute 1,; start @ 0, board @ 7, end @ 10

  [Passenger Exit] Passenger 48  	: from position 11 on TrainRoute 1 to position 14 on TrainRoute 1,; start @ 1, board @ 7, end @ 10

  [Passenger Exit] Passenger 73  	: from position 11 on TrainRoute 1 to position 14 on TrainRoute 1,; start @ 4, board @ 7, end @ 10

  [Passenger Exit] Passenger 99  	: from position 11 on TrainRoute 1 to position 14 on TrainRoute 1,; start @ 7, board @ 7, end @ 10

  [Passenger Exit] Passenger 100 	: from position 11 on TrainRoute 1 to position 14 on TrainRoute 1,; start @ 7, board @ 7, end @ 10

  [Passenger Update] 10 Passenger(s) just left Station 4

  -----Current Train Positions-----

  [Trains at Tick 10]

   Train 1 at position 9
   Train 2 at position 15
   Train 3 at position 3
   Train 4 at position 1
   Train 5 at position 7

  All trains move one position!

[End Tick]
______________________________________________________________________


[Tick 11]: Generating 10 passengers (per-tick):


  [Passenger Spawn] Passenger 127 has arrived at Station 2
  [Passenger Spawn] Passenger 128 has arrived at Station 2
  [Passenger Spawn] Passenger 129 has arrived at Station 1
  [Passenger Spawn] Passenger 130 has arrived at Station 4
  [Passenger Spawn] Passenger 131 has arrived at Station 1
  [Passenger Spawn] Passenger 132 has arrived at Station 3
  [Passenger Spawn] Passenger 133 has arrived at Station 3
  [Passenger Spawn] Passenger 134 has arrived at Station 1
  [Passenger Spawn] Passenger 135 has arrived at Station 2
  [Passenger Spawn] Passenger 136 has arrived at Station 1

  -----Board and Disembark Updates (if any)-----

  [Train Update] Train 3 has arrived at Station 1
  [Passenger Update] Passenger 83 has boarded Train 3
  [Passenger Update] Passenger 89 has boarded Train 3
  [Passenger Update] Passenger 98 has boarded Train 3
  [Passenger Update] Passenger 111 has boarded Train 3
  [Passenger Update] Passenger 112 has boarded Train 3
  [Passenger Update] Passenger 115 has boarded Train 3
  [Passenger Update] Passenger 120 has boarded Train 3
  [Passenger Update] Passenger 123 has boarded Train 3
  [Passenger Update] Passenger 129 has boarded Train 3
  [Passenger Update] Passenger 131 has boarded Train 3
  [Passenger Update] Passenger 134 has boarded Train 3
  [Passenger Update] Passenger 136 has boarded Train 3
  [Train Update] Train 5 has arrived at Station 2
  [Passenger Exit] Passenger 6   	: from position 14 on TrainRoute 1 to position 7 on TrainRoute 1,; start @ 0, board @ 4, end @ 11

  [Passenger Exit] Passenger 53  	: from position 14 on TrainRoute 1 to position 7 on TrainRoute 1,; start @ 2, board @ 4, end @ 11

  [Passenger Exit] Passenger 59  	: from position 11 on TrainRoute 1 to position 7 on TrainRoute 1,; start @ 2, board @ 7, end @ 11

  [Passenger Update] 3 Passenger(s) just left Station 2
  [Passenger Update] Passenger 90 has boarded Train 5
  [Passenger Update] Passenger 107 has boarded Train 5
  [Passenger Update] Passenger 108 has boarded Train 5
  [Passenger Update] Passenger 117 has boarded Train 5
  [Passenger Update] Passenger 121 has boarded Train 5
  [Passenger Update] Passenger 128 has boarded Train 5

  -----Current Train Positions-----

  [Trains at Tick 11]

   Train 1 at position 10
   Train 2 at position 15
   Train 3 at position 4
   Train 4 at position 1
   Train 5 at position 6

  All trains move one position!

[End Tick]
______________________________________________________________________


[Tick 12]: Generating 10 passengers (per-tick):


  [Passenger Spawn] Passenger 137 has arrived at Station 3
  [Passenger Spawn] Passenger 138 has arrived at Station 1
  [Passenger Spawn] Passenger 139 has arrived at Station 2
  [Passenger Spawn] Passenger 140 has arrived at Station 3
  [Passenger Spawn] Passenger 141 has arrived at Station 3
  [Passenger Spawn] Passenger 142 has arrived at Station 4
  [Passenger Spawn] Passenger 143 has arrived at Station 1
  [Passenger Spawn] Passenger 144 has arrived at Station 1
  [Passenger Spawn] Passenger 145 has arrived at Station 3
  [Passenger Spawn] Passenger 146 has arrived at Station 2

  -----Board and Disembark Updates (if any)-----


  -----Current Train Positions-----

  [Trains at Tick 12]

   Train 1 at position 11
   Train 2 at position 14
   Train 3 at position 5
   Train 4 at position 2
   Train 5 at position 5

  All trains move one position!

[End Tick]
______________________________________________________________________


[Tick 13]: Generating 8 passengers (per-tick):


  [Passenger Spawn] Passenger 147 has arrived at Station 2
  [Passenger Spawn] Passenger 148 has arrived at Station 4
  [Passenger Spawn] Passenger 149 has arrived at Station 3
  [Passenger Spawn] Passenger 150 has arrived at Station 4
  [Passenger Spawn] Passenger 151 has arrived at Station 3
  [Passenger Spawn] Passenger 152 has arrived at Station 4
  [Passenger Spawn] Passenger 153 has arrived at Station 4
  [Passenger Spawn] Passenger 154 has arrived at Station 1

  -----Board and Disembark Updates (if any)-----

  [Train Update] Train 1 has arrived at Station 3
  [Passenger Exit] Passenger 33  	: from position 3 on TrainRoute 1 to position 11 on TrainRoute 1,; start @ 0, board @ 5, end @ 13

  [Passenger Exit] Passenger 36  	: from position 3 on TrainRoute 1 to position 11 on TrainRoute 1,; start @ 0, board @ 5, end @ 13

  [Passenger Exit] Passenger 46  	: from position 3 on TrainRoute 1 to position 11 on TrainRoute 1,; start @ 1, board @ 5, end @ 13

  [Passenger Exit] Passenger 62  	: from position 3 on TrainRoute 1 to position 11 on TrainRoute 1,; start @ 3, board @ 5, end @ 13

  [Passenger Exit] Passenger 66  	: from position 7 on TrainRoute 1 to position 11 on TrainRoute 1,; start @ 4, board @ 9, end @ 13

  [Passenger Exit] Passenger 78  	: from position 7 on TrainRoute 1 to position 11 on TrainRoute 1,; start @ 5, board @ 9, end @ 13

  [Passenger Exit] Passenger 80  	: from position 7 on TrainRoute 1 to position 11 on TrainRoute 1,; start @ 5, board @ 9, end @ 13

  [Passenger Update] 7 Passenger(s) just left Station 3
  [Passenger Update] Passenger 102 has boarded Train 1
  [Passenger Update] Passenger 114 has boarded Train 1
  [Passenger Update] Passenger 145 has boarded Train 1
  [Passenger Update] Passenger 149 has boarded Train 1
  [Train Update] Train 2 has arrived at Station 4
  [Passenger Update] Passenger 82 has boarded Train 2
  [Passenger Update] Passenger 84 has boarded Train 2
  [Passenger Update] Passenger 88 has boarded Train 2
  [Passenger Update] Passenger 92 has boarded Train 2
  [Passenger Update] Passenger 96 has boarded Train 2
  [Passenger Update] Passenger 101 has boarded Train 2
  [Passenger Update] Passenger 104 has boarded Train 2
  [Passenger Update] Passenger 109 has boarded Train 2
  [Passenger Update] Passenger 116 has boarded Train 2
  [Passenger Update] Passenger 126 has boarded Train 2
  [Passenger Update] Passenger 142 has boarded Train 2
  [Passenger Update] Passenger 148 has boarded Train 2
  [Passenger Update] Passenger 150 has boarded Train 2
  [Passenger Update] Passenger 152 has boarded Train 2
  [Passenger Update] Passenger 153 has boarded Train 2

  -----Current Train Positions-----

  [Trains at Tick 13]

   Train 1 at position 12
   Train 2 at position 13
   Train 3 at position 6
   Train 4 at position 3
   Train 5 at position 4

  All trains move one position!

[End Tick]
______________________________________________________________________


[Tick 14]: Generating 8 passengers (per-tick):


  [Passenger Spawn] Passenger 155 has arrived at Station 4
  [Passenger Spawn] Passenger 156 has arrived at Station 1
  [Passenger Spawn] Passenger 157 has arrived at Station 3
  [Passenger Spawn] Passenger 158 has arrived at Station 4
  [Passenger Spawn] Passenger 159 has arrived at Station 1
  [Passenger Spawn] Passenger 160 has arrived at Station 3
  [Passenger Spawn] Passenger 161 has arrived at Station 3
  [Passenger Spawn] Passenger 162 has arrived at Station 4

  -----Board and Disembark Updates (if any)-----

  [Train Update] Train 4 has arrived at Station 1
  [Passenger Update] Passenger 143 has boarded Train 4
  [Passenger Update] Passenger 154 has boarded Train 4
  [Passenger Update] Passenger 156 has boarded Train 4

  -----Current Train Positions-----

  [Trains at Tick 14]

   Train 1 at position 13
   Train 2 at position 12
   Train 3 at position 7
   Train 4 at position 4
   Train 5 at position 3

  All trains move one position!

[End Tick]
______________________________________________________________________


[Tick 15]: Generating 8 passengers (per-tick):


  [Passenger Spawn] Passenger 163 has arrived at Station 4
  [Passenger Spawn] Passenger 164 has arrived at Station 3
  [Passenger Spawn] Passenger 165 has arrived at Station 2
  [Passenger Spawn] Passenger 166 has arrived at Station 2
  [Passenger Spawn] Passenger 167 has arrived at Station 4
  [Passenger Spawn] Passenger 168 has arrived at Station 4
  [Passenger Spawn] Passenger 169 has arrived at Station 4
  [Passenger Spawn] Passenger 170 has arrived at Station 1

  -----Board and Disembark Updates (if any)-----

  [Train Update] Train 3 has arrived at Station 2
  [Passenger Exit] Passenger 83  	: from position 3 on TrainRoute 1 to position 7 on TrainRoute 1,; start @ 6, board @ 11, end @ 15

  [Passenger Exit] Passenger 89  	: from position 3 on TrainRoute 1 to position 7 on TrainRoute 1,; start @ 6, board @ 11, end @ 15

  [Passenger Exit] Passenger 131 	: from position 3 on TrainRoute 1 to position 7 on TrainRoute 1,; start @ 11, board @ 11, end @ 15

  [Passenger Update] 3 Passenger(s) just left Station 2
  [Passenger Update] Passenger 119 has boarded Train 3
  [Passenger Update] Passenger 122 has boarded Train 3
  [Passenger Update] Passenger 125 has boarded Train 3
  [Passenger Update] Passenger 127 has boarded Train 3
  [Passenger Update] Passenger 135 has boarded Train 3
  [Passenger Update] Passenger 147 has boarded Train 3
  [Passenger Update] Passenger 165 has boarded Train 3
  [Passenger Update] Passenger 166 has boarded Train 3
  [Train Update] Train 5 has arrived at Station 1
  [Passenger Exit] Passenger 18  	: from position 14 on TrainRoute 1 to position 3 on TrainRoute 1,; start @ 0, board @ 4, end @ 15

  [Passenger Exit] Passenger 64  	: from position 11 on TrainRoute 1 to position 3 on TrainRoute 1,; start @ 3, board @ 7, end @ 15

  [Passenger Exit] Passenger 65  	: from position 11 on TrainRoute 1 to position 3 on TrainRoute 1,; start @ 3, board @ 7, end @ 15

  [Passenger Exit] Passenger 86  	: from position 11 on TrainRoute 1 to position 3 on TrainRoute 1,; start @ 6, board @ 7, end @ 15

  [Passenger Exit] Passenger 90  	: from position 7 on TrainRoute 1 to position 3 on TrainRoute 1,; start @ 6, board @ 11, end @ 15

  [Passenger Exit] Passenger 107 	: from position 7 on TrainRoute 1 to position 3 on TrainRoute 1,; start @ 9, board @ 11, end @ 15

  [Passenger Exit] Passenger 108 	: from position 7 on TrainRoute 1 to position 3 on TrainRoute 1,; start @ 9, board @ 11, end @ 15

  [Passenger Exit] Passenger 117 	: from position 7 on TrainRoute 1 to position 3 on TrainRoute 1,; start @ 10, board @ 11, end @ 15

  [Passenger Exit] Passenger 121 	: from position 7 on TrainRoute 1 to position 3 on TrainRoute 1,; start @ 10, board @ 11, end @ 15

  [Passenger Exit] Passenger 128 	: from position 7 on TrainRoute 1 to position 3 on TrainRoute 1,; start @ 11, board @ 11, end @ 15

  [Passenger Update] 10 Passenger(s) just left Station 1

  -----Current Train Positions-----

  [Trains at Tick 15]

   Train 1 at position 14
   Train 2 at position 11
   Train 3 at position 8
   Train 4 at position 5
   Train 5 at position 2

  All trains move one position!

[End Tick]
______________________________________________________________________


[Tick 16]: Generating 9 passengers (per-tick):


  [Passenger Spawn] Passenger 171 has arrived at Station 2
  [Passenger Spawn] Passenger 172 has arrived at Station 2
  [Passenger Spawn] Passenger 173 has arrived at Station 2
  [Passenger Spawn] Passenger 174 has arrived at Station 4
  [Passenger Spawn] Passenger 175 has arrived at Station 3
  [Passenger Spawn] Passenger 176 has arrived at Station 1
  [Passenger Spawn] Passenger 177 has arrived at Station 2
  [Passenger Spawn] Passenger 178 has arrived at Station 3
  [Passenger Spawn] Passenger 179 has arrived at Station 1

  -----Board and Disembark Updates (if any)-----

  [Train Update] Train 1 has arrived at Station 4
  [Passenger Exit] Passenger 41  	: from position 3 on TrainRoute 1 to position 14 on TrainRoute 1,; start @ 0, board @ 5, end @ 16

  [Passenger Exit] Passenger 51  	: from position 3 on TrainRoute 1 to position 14 on TrainRoute 1,; start @ 1, board @ 5, end @ 16

  [Passenger Exit] Passenger 52  	: from position 3 on TrainRoute 1 to position 14 on TrainRoute 1,; start @ 1, board @ 5, end @ 16

  [Passenger Exit] Passenger 71  	: from position 3 on TrainRoute 1 to position 14 on TrainRoute 1,; start @ 4, board @ 5, end @ 16

  [Passenger Exit] Passenger 79  	: from position 3 on TrainRoute 1 to position 14 on TrainRoute 1,; start @ 5, board @ 5, end @ 16

  [Passenger Exit] Passenger 81  	: from position 3 on TrainRoute 1 to position 14 on TrainRoute 1,; start @ 5, board @ 5, end @ 16

  [Passenger Exit] Passenger 67  	: from position 7 on TrainRoute 1 to position 14 on TrainRoute 1,; start @ 4, board @ 9, end @ 16

  [Passenger Exit] Passenger 76  	: from position 7 on TrainRoute 1 to position 14 on TrainRoute 1,; start @ 5, board @ 9, end @ 16

  [Passenger Exit] Passenger 95  	: from position 7 on TrainRoute 1 to position 14 on TrainRoute 1,; start @ 7, board @ 9, end @ 16

  [Passenger Exit] Passenger 103 	: from position 7 on TrainRoute 1 to position 14 on TrainRoute 1,; start @ 8, board @ 9, end @ 16

  [Passenger Exit] Passenger 102 	: from position 11 on TrainRoute 1 to position 14 on TrainRoute 1,; start @ 8, board @ 13, end @ 16

  [Passenger Exit] Passenger 114 	: from position 11 on TrainRoute 1 to position 14 on TrainRoute 1,; start @ 9, board @ 13, end @ 16

  [Passenger Exit] Passenger 145 	: from position 11 on TrainRoute 1 to position 14 on TrainRoute 1,; start @ 12, board @ 13, end @ 16

  [Passenger Exit] Passenger 149 	: from position 11 on TrainRoute 1 to position 14 on TrainRoute 1,; start @ 13, board @ 13, end @ 16

  [Passenger Update] 14 Passenger(s) just left Station 4
  [Train Update] Train 2 has arrived at Station 3
  [Passenger Exit] Passenger 82  	: from position 14 on TrainRoute 1 to position 11 on TrainRoute 1,; start @ 5, board @ 13, end @ 16

  [Passenger Exit] Passenger 84  	: from position 14 on TrainRoute 1 to position 11 on TrainRoute 1,; start @ 6, board @ 13, end @ 16

  [Passenger Exit] Passenger 88  	: from position 14 on TrainRoute 1 to position 11 on TrainRoute 1,; start @ 6, board @ 13, end @ 16

  [Passenger Exit] Passenger 101 	: from position 14 on TrainRoute 1 to position 11 on TrainRoute 1,; start @ 8, board @ 13, end @ 16

  [Passenger Exit] Passenger 104 	: from position 14 on TrainRoute 1 to position 11 on TrainRoute 1,; start @ 8, board @ 13, end @ 16

  [Passenger Exit] Passenger 116 	: from position 14 on TrainRoute 1 to position 11 on TrainRoute 1,; start @ 9, board @ 13, end @ 16

  [Passenger Exit] Passenger 142 	: from position 14 on TrainRoute 1 to position 11 on TrainRoute 1,; start @ 12, board @ 13, end @ 16

  [Passenger Exit] Passenger 148 	: from position 14 on TrainRoute 1 to position 11 on TrainRoute 1,; start @ 13, board @ 13, end @ 16

  [Passenger Exit] Passenger 152 	: from position 14 on TrainRoute 1 to position 11 on TrainRoute 1,; start @ 13, board @ 13, end @ 16

  [Passenger Update] 9 Passenger(s) just left Station 3
  [Passenger Update] Passenger 106 has boarded Train 2
  [Passenger Update] Passenger 110 has boarded Train 2
  [Passenger Update] Passenger 132 has boarded Train 2
  [Passenger Update] Passenger 133 has boarded Train 2
  [Passenger Update] Passenger 141 has boarded Train 2
  [Passenger Update] Passenger 151 has boarded Train 2
  [Passenger Update] Passenger 161 has boarded Train 2
  [Passenger Update] Passenger 164 has boarded Train 2
  [Passenger Update] Passenger 175 has boarded Train 2
  [Passenger Update] Passenger 178 has boarded Train 2

  -----Current Train Positions-----

  [Trains at Tick 16]

   Train 1 at position 15
   Train 2 at position 10
   Train 3 at position 9
   Train 4 at position 6
   Train 5 at position 1

  All trains move one position!

[End Tick]
______________________________________________________________________


[Tick 17]: Generating 6 passengers (per-tick):


  [Passenger Spawn] Passenger 180 has arrived at Station 1
  [Passenger Spawn] Passenger 181 has arrived at Station 4
  [Passenger Spawn] Passenger 182 has arrived at Station 1
  [Passenger Spawn] Passenger 183 has arrived at Station 3
  [Passenger Spawn] Passenger 184 has arrived at Station 2
  [Passenger Spawn] Passenger 185 has arrived at Station 2

  -----Board and Disembark Updates (if any)-----


  -----Current Train Positions-----

  [Trains at Tick 17]

   Train 1 at position 15
   Train 2 at position 9
   Train 3 at position 10
   Train 4 at position 7
   Train 5 at position 1

  All trains move one position!

[End Tick]
______________________________________________________________________


[Tick 18]: Generating 10 passengers (per-tick):


  [Passenger Spawn] Passenger 186 has arrived at Station 2
  [Passenger Spawn] Passenger 187 has arrived at Station 4
  [Passenger Spawn] Passenger 188 has arrived at Station 1
  [Passenger Spawn] Passenger 189 has arrived at Station 4
  [Passenger Spawn] Passenger 190 has arrived at Station 2
  [Passenger Spawn] Passenger 191 has arrived at Station 2
  [Passenger Spawn] Passenger 192 has arrived at Station 4
  [Passenger Spawn] Passenger 193 has arrived at Station 2
  [Passenger Spawn] Passenger 194 has arrived at Station 1
  [Passenger Spawn] Passenger 195 has arrived at Station 2

  -----Board and Disembark Updates (if any)-----

  [Train Update] Train 4 has arrived at Station 2
  [Passenger Exit] Passenger 143 	: from position 3 on TrainRoute 1 to position 7 on TrainRoute 1,; start @ 12, board @ 14, end @ 18

  [Passenger Update] 1 Passenger(s) just left Station 2
  [Passenger Update] Passenger 173 has boarded Train 4
  [Passenger Update] Passenger 177 has boarded Train 4
  [Passenger Update] Passenger 184 has boarded Train 4
  [Passenger Update] Passenger 186 has boarded Train 4
  [Passenger Update] Passenger 190 has boarded Train 4
  [Passenger Update] Passenger 191 has boarded Train 4
  [Passenger Update] Passenger 193 has boarded Train 4

  -----Current Train Positions-----

  [Trains at Tick 18]

   Train 1 at position 14
   Train 2 at position 8
   Train 3 at position 11
   Train 4 at position 8
   Train 5 at position 2

  All trains move one position!

[End Tick]
______________________________________________________________________


[Tick 19]: Generating 7 passengers (per-tick):


  [Passenger Spawn] Passenger 196 has arrived at Station 1
  [Passenger Spawn] Passenger 197 has arrived at Station 4
  [Passenger Spawn] Passenger 198 has arrived at Station 4
  [Passenger Spawn] Passenger 199 has arrived at Station 3
  [Passenger Spawn] Passenger 200 has arrived at Station 2
  [Passenger Spawn] Passenger 201 has arrived at Station 1
  [Passenger Spawn] Passenger 202 has arrived at Station 2

  -----Board and Disembark Updates (if any)-----

  [Train Update] Train 1 has arrived at Station 4
  [Passenger Update] Passenger 155 has boarded Train 1
  [Passenger Update] Passenger 158 has boarded Train 1
  [Passenger Update] Passenger 162 has boarded Train 1
  [Passenger Update] Passenger 163 has boarded Train 1
  [Passenger Update] Passenger 167 has boarded Train 1
  [Passenger Update] Passenger 168 has boarded Train 1
  [Passenger Update] Passenger 169 has boarded Train 1
  [Passenger Update] Passenger 174 has boarded Train 1
  [Passenger Update] Passenger 187 has boarded Train 1
  [Passenger Update] Passenger 189 has boarded Train 1
  [Passenger Update] Passenger 192 has boarded Train 1
  [Passenger Update] Passenger 198 has boarded Train 1
  [Train Update] Train 3 has arrived at Station 3
  [Passenger Exit] Passenger 111 	: from position 3 on TrainRoute 1 to position 11 on TrainRoute 1,; start @ 9, board @ 11, end @ 19

  [Passenger Exit] Passenger 112 	: from position 3 on TrainRoute 1 to position 11 on TrainRoute 1,; start @ 9, board @ 11, end @ 19

  [Passenger Exit] Passenger 115 	: from position 3 on TrainRoute 1 to position 11 on TrainRoute 1,; start @ 9, board @ 11, end @ 19

  [Passenger Exit] Passenger 129 	: from position 3 on TrainRoute 1 to position 11 on TrainRoute 1,; start @ 11, board @ 11, end @ 19

  [Passenger Exit] Passenger 134 	: from position 3 on TrainRoute 1 to position 11 on TrainRoute 1,; start @ 11, board @ 11, end @ 19

  [Passenger Exit] Passenger 119 	: from position 7 on TrainRoute 1 to position 11 on TrainRoute 1,; start @ 10, board @ 15, end @ 19

  [Passenger Exit] Passenger 122 	: from position 7 on TrainRoute 1 to position 11 on TrainRoute 1,; start @ 10, board @ 15, end @ 19

  [Passenger Exit] Passenger 127 	: from position 7 on TrainRoute 1 to position 11 on TrainRoute 1,; start @ 11, board @ 15, end @ 19

  [Passenger Exit] Passenger 135 	: from position 7 on TrainRoute 1 to position 11 on TrainRoute 1,; start @ 11, board @ 15, end @ 19

  [Passenger Exit] Passenger 165 	: from position 7 on TrainRoute 1 to position 11 on TrainRoute 1,; start @ 15, board @ 15, end @ 19

  [Passenger Exit] Passenger 166 	: from position 7 on TrainRoute 1 to position 11 on TrainRoute 1,; start @ 15, board @ 15, end @ 19

  [Passenger Update] 11 Passenger(s) just left Station 3
  [Passenger Update] Passenger 157 has boarded Train 3
  [Passenger Update] Passenger 160 has boarded Train 3

  -----Current Train Positions-----

  [Trains at Tick 19]

   Train 1 at position 13
   Train 2 at position 7
   Train 3 at position 12
   Train 4 at position 9
   Train 5 at position 3

  All trains move one position!

[End Tick]
______________________________________________________________________


[Tick 20]: Generating 10 passengers (per-tick):


  [Passenger Spawn] Passenger 203 has arrived at Station 3
  [Passenger Spawn] Passenger 204 has arrived at Station 4
  [Passenger Spawn] Passenger 205 has arrived at Station 3
  [Passenger Spawn] Passenger 206 has arrived at Station 4
  [Passenger Spawn] Passenger 207 has arrived at Station 1
  [Passenger Spawn] Passenger 208 has arrived at Station 3
  [Passenger Spawn] Passenger 209 has arrived at Station 3
  [Passenger Spawn] Passenger 210 has arrived at Station 3
  [Passenger Spawn] Passenger 211 has arrived at Station 1
  [Passenger Spawn] Passenger 212 has arrived at Station 1

  -----Board and Disembark Updates (if any)-----

  [Train Update] Train 2 has arrived at Station 2
  [Passenger Exit] Passenger 96  	: from position 14 on TrainRoute 1 to position 7 on TrainRoute 1,; start @ 7, board @ 13, end @ 20

  [Passenger Exit] Passenger 150 	: from position 14 on TrainRoute 1 to position 7 on TrainRoute 1,; start @ 13, board @ 13, end @ 20

  [Passenger Exit] Passenger 153 	: from position 14 on TrainRoute 1 to position 7 on TrainRoute 1,; start @ 13, board @ 13, end @ 20

  [Passenger Exit] Passenger 106 	: from position 11 on TrainRoute 1 to position 7 on TrainRoute 1,; start @ 8, board @ 16, end @ 20

  [Passenger Exit] Passenger 133 	: from position 11 on TrainRoute 1 to position 7 on TrainRoute 1,; start @ 11, board @ 16, end @ 20

  [Passenger Exit] Passenger 151 	: from position 11 on TrainRoute 1 to position 7 on TrainRoute 1,; start @ 13, board @ 16, end @ 20

  [Passenger Exit] Passenger 164 	: from position 11 on TrainRoute 1 to position 7 on TrainRoute 1,; start @ 15, board @ 16, end @ 20

  [Passenger Update] 7 Passenger(s) just left Station 2
  [Passenger Update] Passenger 171 has boarded Train 2
  [Passenger Update] Passenger 202 has boarded Train 2
  [Train Update] Train 5 has arrived at Station 1
  [Passenger Update] Passenger 176 has boarded Train 5
  [Passenger Update] Passenger 179 has boarded Train 5
  [Passenger Update] Passenger 182 has boarded Train 5
  [Passenger Update] Passenger 188 has boarded Train 5
  [Passenger Update] Passenger 194 has boarded Train 5
  [Passenger Update] Passenger 201 has boarded Train 5
  [Passenger Update] Passenger 207 has boarded Train 5
  [Passenger Update] Passenger 211 has boarded Train 5
  [Passenger Update] Passenger 212 has boarded Train 5

  -----Current Train Positions-----

  [Trains at Tick 20]

   Train 1 at position 12
   Train 2 at position 6
   Train 3 at position 13
   Train 4 at position 10
   Train 5 at position 4

  All trains move one position!

[End Tick]
______________________________________________________________________


==============================================================
                     SIMULATION END                           
==============================================================
